{"meta": {"format": 3, "version": "7.10.4", "timestamp": "2026-02-19T06:16:17.699496", "branch_coverage": false, "show_contexts": false}, "files": {"src/qmllib/__init__.py": {"executed_lines": [], "summary": {"covered_lines": 0, "num_statements": 2, "percent_covered": 0.0, "percent_covered_display": "0", "missing_lines": 2, "excluded_lines": 0}, "missing_lines": [1, 3], "excluded_lines": [], "functions": {"": {"executed_lines": [], "summary": {"covered_lines": 0, "num_statements": 2, "percent_covered": 0.0, "percent_covered_display": "0", "missing_lines": 2, "excluded_lines": 0}, "missing_lines": [1, 3], "excluded_lines": []}}, "classes": {"": {"executed_lines": [], "summary": {"covered_lines": 0, "num_statements": 2, "percent_covered": 0.0, "percent_covered_display": "0", "missing_lines": 2, "excluded_lines": 0}, "missing_lines": [1, 3], "excluded_lines": []}}}, "src/qmllib/constants/__init__.py": {"executed_lines": [], "summary": {"covered_lines": 0, "num_statements": 0, "percent_covered": 100.0, "percent_covered_display": "100", "missing_lines": 0, "excluded_lines": 0}, "missing_lines": [], "excluded_lines": [], "functions": {"": {"executed_lines": [], "summary": {"covered_lines": 0, "num_statements": 0, "percent_covered": 100.0, "percent_covered_display": "100", "missing_lines": 0, "excluded_lines": 0}, "missing_lines": [], "excluded_lines": []}}, "classes": {"": {"executed_lines": [], "summary": {"covered_lines": 0, "num_statements": 0, "percent_covered": 100.0, "percent_covered_display": "100", "missing_lines": 0, "excluded_lines": 0}, "missing_lines": [], "excluded_lines": []}}}, "src/qmllib/constants/periodic_table.py": {"executed_lines": [], "summary": {"covered_lines": 0, "num_statements": 2, "percent_covered": 0.0, "percent_covered_display": "0", "missing_lines": 2, "excluded_lines": 0}, "missing_lines": [1, 118], "excluded_lines": [], "functions": {"": {"executed_lines": [], "summary": {"covered_lines": 0, "num_statements": 2, "percent_covered": 0.0, "percent_covered_display": "0", "missing_lines": 2, "excluded_lines": 0}, "missing_lines": [1, 118], "excluded_lines": []}}, "classes": {"": {"executed_lines": [], "summary": {"covered_lines": 0, "num_statements": 2, "percent_covered": 0.0, "percent_covered_display": "0", "missing_lines": 2, "excluded_lines": 0}, "missing_lines": [1, 118], "excluded_lines": []}}}, "src/qmllib/kernels/__init__.py": {"executed_lines": [], "summary": {"covered_lines": 0, "num_statements": 3, "percent_covered": 0.0, "percent_covered_display": "0", "missing_lines": 3, "excluded_lines": 0}, "missing_lines": [1, 2, 3], "excluded_lines": [], "functions": {"": {"executed_lines": [], "summary": {"covered_lines": 0, "num_statements": 3, "percent_covered": 0.0, "percent_covered_display": "0", "missing_lines": 3, "excluded_lines": 0}, "missing_lines": [1, 2, 3], "excluded_lines": []}}, "classes": {"": {"executed_lines": [], "summary": {"covered_lines": 0, "num_statements": 3, "percent_covered": 0.0, "percent_covered_display": "0", "missing_lines": 3, "excluded_lines": 0}, "missing_lines": [1, 2, 3], "excluded_lines": []}}}, "src/qmllib/kernels/distance.py": {"executed_lines": [], "summary": {"covered_lines": 0, "num_statements": 23, "percent_covered": 0.0, "percent_covered_display": "0", "missing_lines": 23, "excluded_lines": 7}, "missing_lines": [1, 4, 12, 30, 33, 37, 39, 42, 60, 63, 67, 69, 72, 94, 97, 101, 102, 104, 105, 106, 107, 110, 114], "excluded_lines": [31, 34, 61, 64, 95, 98, 112], "functions": {"manhattan_distance": {"executed_lines": [], "summary": {"covered_lines": 0, "num_statements": 4, "percent_covered": 0.0, "percent_covered_display": "0", "missing_lines": 4, "excluded_lines": 2}, "missing_lines": [30, 33, 37, 39], "excluded_lines": [31, 34]}, "l2_distance": {"executed_lines": [], "summary": {"covered_lines": 0, "num_statements": 4, "percent_covered": 0.0, "percent_covered_display": "0", "missing_lines": 4, "excluded_lines": 2}, "missing_lines": [60, 63, 67, 69], "excluded_lines": [61, 64]}, "p_distance": {"executed_lines": [], "summary": {"covered_lines": 0, "num_statements": 10, "percent_covered": 0.0, "percent_covered_display": "0", "missing_lines": 10, "excluded_lines": 3}, "missing_lines": [94, 97, 101, 102, 104, 105, 106, 107, 110, 114], "excluded_lines": [95, 98, 112]}, "": {"executed_lines": [], "summary": {"covered_lines": 0, "num_statements": 5, "percent_covered": 0.0, "percent_covered_display": "0", "missing_lines": 5, "excluded_lines": 0}, "missing_lines": [1, 4, 12, 42, 72], "excluded_lines": []}}, "classes": {"": {"executed_lines": [], "summary": {"covered_lines": 0, "num_statements": 23, "percent_covered": 0.0, "percent_covered_display": "0", "missing_lines": 23, "excluded_lines": 7}, "missing_lines": [1, 4, 12, 30, 33, 37, 39, 42, 60, 63, 67, 69, 72, 94, 97, 101, 102, 104, 105, 106, 107, 110, 114], "excluded_lines": [31, 34, 61, 64, 95, 98, 112]}}}, "src/qmllib/kernels/gradient_kernels.py": {"executed_lines": [], "summary": {"covered_lines": 0, "num_statements": 172, "percent_covered": 0.0, "percent_covered_display": "0", "missing_lines": 172, "excluded_lines": 20}, "missing_lines": [1, 2, 5, 19, 26, 57, 58, 60, 62, 65, 66, 68, 69, 71, 72, 74, 76, 79, 114, 115, 117, 119, 122, 123, 125, 126, 128, 129, 131, 132, 134, 136, 139, 174, 175, 177, 179, 183, 184, 186, 187, 189, 190, 193, 194, 195, 196, 197, 198, 200, 202, 205, 234, 236, 239, 240, 241, 243, 244, 246, 249, 278, 280, 284, 285, 286, 289, 290, 291, 293, 295, 298, 336, 337, 339, 341, 344, 345, 347, 348, 350, 351, 353, 357, 360, 399, 400, 402, 404, 407, 408, 410, 411, 413, 414, 417, 418, 420, 436, 437, 439, 441, 444, 483, 484, 486, 488, 491, 492, 494, 495, 497, 498, 501, 502, 504, 509, 511, 514, 558, 559, 561, 563, 566, 567, 569, 570, 572, 573, 576, 577, 579, 596, 598, 601, 632, 634, 637, 639, 640, 643, 644, 646, 649, 651, 654, 695, 696, 698, 700, 703, 704, 706, 707, 709, 710, 713, 714, 716, 733, 735, 738, 767, 769, 772, 774, 775, 778, 779, 781, 784, 786], "excluded_lines": [61, 63, 118, 120, 178, 180, 237, 281, 340, 342, 403, 405, 487, 489, 562, 564, 635, 699, 701, 770], "functions": {"get_global_kernel": {"executed_lines": [], "summary": {"covered_lines": 0, "num_statements": 12, "percent_covered": 0.0, "percent_covered_display": "0", "missing_lines": 12, "excluded_lines": 2}, "missing_lines": [57, 58, 60, 62, 65, 66, 68, 69, 71, 72, 74, 76], "excluded_lines": [61, 63]}, "get_local_kernels": {"executed_lines": [], "summary": {"covered_lines": 0, "num_statements": 14, "percent_covered": 0.0, "percent_covered_display": "0", "missing_lines": 14, "excluded_lines": 2}, "missing_lines": [114, 115, 117, 119, 122, 123, 125, 126, 128, 129, 131, 132, 134, 136], "excluded_lines": [118, 120]}, "get_local_kernel": {"executed_lines": [], "summary": {"covered_lines": 0, "num_statements": 18, "percent_covered": 0.0, "percent_covered_display": "0", "missing_lines": 18, "excluded_lines": 2}, "missing_lines": [174, 175, 177, 179, 183, 184, 186, 187, 189, 190, 193, 194, 195, 196, 197, 198, 200, 202], "excluded_lines": [178, 180]}, "get_local_symmetric_kernels": {"executed_lines": [], "summary": {"covered_lines": 0, "num_statements": 8, "percent_covered": 0.0, "percent_covered_display": "0", "missing_lines": 8, "excluded_lines": 1}, "missing_lines": [234, 236, 239, 240, 241, 243, 244, 246], "excluded_lines": [237]}, "get_local_symmetric_kernel": {"executed_lines": [], "summary": {"covered_lines": 0, "num_statements": 10, "percent_covered": 0.0, "percent_covered_display": "0", "missing_lines": 10, "excluded_lines": 1}, "missing_lines": [278, 280, 284, 285, 286, 289, 290, 291, 293, 295], "excluded_lines": [281]}, "get_atomic_local_kernel": {"executed_lines": [], "summary": {"covered_lines": 0, "num_statements": 12, "percent_covered": 0.0, "percent_covered_display": "0", "missing_lines": 12, "excluded_lines": 2}, "missing_lines": [336, 337, 339, 341, 344, 345, 347, 348, 350, 351, 353, 357], "excluded_lines": [340, 342]}, "get_atomic_local_gradient_kernel": {"executed_lines": [], "summary": {"covered_lines": 0, "num_statements": 17, "percent_covered": 0.0, "percent_covered_display": "0", "missing_lines": 17, "excluded_lines": 2}, "missing_lines": [399, 400, 402, 404, 407, 408, 410, 411, 413, 414, 417, 418, 420, 436, 437, 439, 441], "excluded_lines": [403, 405]}, "get_local_gradient_kernel": {"executed_lines": [], "summary": {"covered_lines": 0, "num_statements": 15, "percent_covered": 0.0, "percent_covered_display": "0", "missing_lines": 15, "excluded_lines": 2}, "missing_lines": [483, 484, 486, 488, 491, 492, 494, 495, 497, 498, 501, 502, 504, 509, 511], "excluded_lines": [487, 489]}, "get_gdml_kernel": {"executed_lines": [], "summary": {"covered_lines": 0, "num_statements": 15, "percent_covered": 0.0, "percent_covered_display": "0", "missing_lines": 15, "excluded_lines": 2}, "missing_lines": [558, 559, 561, 563, 566, 567, 569, 570, 572, 573, 576, 577, 579, 596, 598], "excluded_lines": [562, 564]}, "get_symmetric_gdml_kernel": {"executed_lines": [], "summary": {"covered_lines": 0, "num_statements": 10, "percent_covered": 0.0, "percent_covered_display": "0", "missing_lines": 10, "excluded_lines": 1}, "missing_lines": [632, 634, 637, 639, 640, 643, 644, 646, 649, 651], "excluded_lines": [635]}, "get_gp_kernel": {"executed_lines": [], "summary": {"covered_lines": 0, "num_statements": 15, "percent_covered": 0.0, "percent_covered_display": "0", "missing_lines": 15, "excluded_lines": 2}, "missing_lines": [695, 696, 698, 700, 703, 704, 706, 707, 709, 710, 713, 714, 716, 733, 735], "excluded_lines": [699, 701]}, "get_symmetric_gp_kernel": {"executed_lines": [], "summary": {"covered_lines": 0, "num_statements": 10, "percent_covered": 0.0, "percent_covered_display": "0", "missing_lines": 10, "excluded_lines": 1}, "missing_lines": [767, 769, 772, 774, 775, 778, 779, 781, 784, 786], "excluded_lines": [770]}, "": {"executed_lines": [], "summary": {"covered_lines": 0, "num_statements": 16, "percent_covered": 0.0, "percent_covered_display": "0", "missing_lines": 16, "excluded_lines": 0}, "missing_lines": [1, 2, 5, 19, 26, 79, 139, 205, 249, 298, 360, 444, 514, 601, 654, 738], "excluded_lines": []}}, "classes": {"": {"executed_lines": [], "summary": {"covered_lines": 0, "num_statements": 172, "percent_covered": 0.0, "percent_covered_display": "0", "missing_lines": 172, "excluded_lines": 20}, "missing_lines": [1, 2, 5, 19, 26, 57, 58, 60, 62, 65, 66, 68, 69, 71, 72, 74, 76, 79, 114, 115, 117, 119, 122, 123, 125, 126, 128, 129, 131, 132, 134, 136, 139, 174, 175, 177, 179, 183, 184, 186, 187, 189, 190, 193, 194, 195, 196, 197, 198, 200, 202, 205, 234, 236, 239, 240, 241, 243, 244, 246, 249, 278, 280, 284, 285, 286, 289, 290, 291, 293, 295, 298, 336, 337, 339, 341, 344, 345, 347, 348, 350, 351, 353, 357, 360, 399, 400, 402, 404, 407, 408, 410, 411, 413, 414, 417, 418, 420, 436, 437, 439, 441, 444, 483, 484, 486, 488, 491, 492, 494, 495, 497, 498, 501, 502, 504, 509, 511, 514, 558, 559, 561, 563, 566, 567, 569, 570, 572, 573, 576, 577, 579, 596, 598, 601, 632, 634, 637, 639, 640, 643, 644, 646, 649, 651, 654, 695, 696, 698, 700, 703, 704, 706, 707, 709, 710, 713, 714, 716, 733, 735, 738, 767, 769, 772, 774, 775, 778, 779, 781, 784, 786], "excluded_lines": [61, 63, 118, 120, 178, 180, 237, 281, 340, 342, 403, 405, 487, 489, 562, 564, 635, 699, 701, 770]}}}, "src/qmllib/kernels/kernels.py": {"executed_lines": [], "summary": {"covered_lines": 0, "num_statements": 63, "percent_covered": 0.0, "percent_covered_display": "0", "missing_lines": 63, "excluded_lines": 11}, "missing_lines": [1, 2, 5, 20, 39, 40, 43, 45, 48, 68, 70, 73, 91, 93, 96, 116, 118, 121, 139, 141, 144, 163, 165, 168, 194, 196, 197, 200, 204, 207, 238, 239, 240, 242, 243, 244, 246, 247, 248, 253, 255, 256, 262, 264, 267, 297, 299, 302, 305, 308, 317, 347, 349, 352, 355, 358, 367, 386, 388, 390, 393, 394, 396], "excluded_lines": [251, 259, 298, 300, 303, 348, 350, 353, 387, 389, 391], "functions": {"wasserstein_kernel": {"executed_lines": [], "summary": {"covered_lines": 0, "num_statements": 4, "percent_covered": 0.0, "percent_covered_display": "0", "missing_lines": 4, "excluded_lines": 0}, "missing_lines": [39, 40, 43, 45], "excluded_lines": []}, "laplacian_kernel": {"executed_lines": [], "summary": {"covered_lines": 0, "num_statements": 2, "percent_covered": 0.0, "percent_covered_display": "0", "missing_lines": 2, "excluded_lines": 0}, "missing_lines": [68, 70], "excluded_lines": []}, "laplacian_kernel_symmetric": {"executed_lines": [], "summary": {"covered_lines": 0, "num_statements": 2, "percent_covered": 0.0, "percent_covered_display": "0", "missing_lines": 2, "excluded_lines": 0}, "missing_lines": [91, 93], "excluded_lines": []}, "gaussian_kernel": {"executed_lines": [], "summary": {"covered_lines": 0, "num_statements": 2, "percent_covered": 0.0, "percent_covered_display": "0", "missing_lines": 2, "excluded_lines": 0}, "missing_lines": [116, 118], "excluded_lines": []}, "gaussian_kernel_symmetric": {"executed_lines": [], "summary": {"covered_lines": 0, "num_statements": 2, "percent_covered": 0.0, "percent_covered_display": "0", "missing_lines": 2, "excluded_lines": 0}, "missing_lines": [139, 141], "excluded_lines": []}, "linear_kernel": {"executed_lines": [], "summary": {"covered_lines": 0, "num_statements": 2, "percent_covered": 0.0, "percent_covered_display": "0", "missing_lines": 2, "excluded_lines": 0}, "missing_lines": [163, 165], "excluded_lines": []}, "sargan_kernel": {"executed_lines": [], "summary": {"covered_lines": 0, "num_statements": 5, "percent_covered": 0.0, "percent_covered_display": "0", "missing_lines": 5, "excluded_lines": 0}, "missing_lines": [194, 196, 197, 200, 204], "excluded_lines": []}, "matern_kernel": {"executed_lines": [], "summary": {"covered_lines": 0, "num_statements": 14, "percent_covered": 0.0, "percent_covered_display": "0", "missing_lines": 14, "excluded_lines": 2}, "missing_lines": [238, 239, 240, 242, 243, 244, 246, 247, 248, 253, 255, 256, 262, 264], "excluded_lines": [251, 259]}, "get_local_kernels_gaussian": {"executed_lines": [], "summary": {"covered_lines": 0, "num_statements": 5, "percent_covered": 0.0, "percent_covered_display": "0", "missing_lines": 5, "excluded_lines": 3}, "missing_lines": [297, 299, 302, 305, 308], "excluded_lines": [298, 300, 303]}, "get_local_kernels_laplacian": {"executed_lines": [], "summary": {"covered_lines": 0, "num_statements": 5, "percent_covered": 0.0, "percent_covered_display": "0", "missing_lines": 5, "excluded_lines": 3}, "missing_lines": [347, 349, 352, 355, 358], "excluded_lines": [348, 350, 353]}, "kpca": {"executed_lines": [], "summary": {"covered_lines": 0, "num_statements": 6, "percent_covered": 0.0, "percent_covered_display": "0", "missing_lines": 6, "excluded_lines": 3}, "missing_lines": [386, 388, 390, 393, 394, 396], "excluded_lines": [387, 389, 391]}, "": {"executed_lines": [], "summary": {"covered_lines": 0, "num_statements": 14, "percent_covered": 0.0, "percent_covered_display": "0", "missing_lines": 14, "excluded_lines": 0}, "missing_lines": [1, 2, 5, 20, 48, 73, 96, 121, 144, 168, 207, 267, 317, 367], "excluded_lines": []}}, "classes": {"": {"executed_lines": [], "summary": {"covered_lines": 0, "num_statements": 63, "percent_covered": 0.0, "percent_covered_display": "0", "missing_lines": 63, "excluded_lines": 11}, "missing_lines": [1, 2, 5, 20, 39, 40, 43, 45, 48, 68, 70, 73, 91, 93, 96, 116, 118, 121, 139, 141, 144, 163, 165, 168, 194, 196, 197, 200, 204, 207, 238, 239, 240, 242, 243, 244, 246, 247, 248, 253, 255, 256, 262, 264, 267, 297, 299, 302, 305, 308, 317, 347, 349, 352, 355, 358, 367, 386, 388, 390, 393, 394, 396], "excluded_lines": [251, 259, 298, 300, 303, 348, 350, 353, 387, 389, 391]}}}, "src/qmllib/representations/__init__.py": {"executed_lines": [], "summary": {"covered_lines": 0, "num_statements": 3, "percent_covered": 0.0, "percent_covered_display": "0", "missing_lines": 3, "excluded_lines": 0}, "missing_lines": [3, 9, 20], "excluded_lines": [], "functions": {"": {"executed_lines": [], "summary": {"covered_lines": 0, "num_statements": 3, "percent_covered": 0.0, "percent_covered_display": "0", "missing_lines": 3, "excluded_lines": 0}, "missing_lines": [3, 9, 20], "excluded_lines": []}}, "classes": {"": {"executed_lines": [], "summary": {"covered_lines": 0, "num_statements": 3, "percent_covered": 0.0, "percent_covered_display": "0", "missing_lines": 3, "excluded_lines": 0}, "missing_lines": [3, 9, 20], "excluded_lines": []}}}, "src/qmllib/representations/bob/__init__.py": {"executed_lines": [], "summary": {"covered_lines": 0, "num_statements": 18, "percent_covered": 0.0, "percent_covered_display": "0", "missing_lines": 18, "excluded_lines": 0}, "missing_lines": [5, 6, 8, 11, 14, 20, 22, 24, 27, 34, 36, 37, 38, 39, 40, 41, 42, 43], "excluded_lines": [], "functions": {"get_natypes": {"executed_lines": [], "summary": {"covered_lines": 0, "num_statements": 4, "percent_covered": 0.0, "percent_covered_display": "0", "missing_lines": 4, "excluded_lines": 0}, "missing_lines": [14, 20, 22, 24], "excluded_lines": []}, "get_asize": {"executed_lines": [], "summary": {"covered_lines": 0, "num_statements": 9, "percent_covered": 0.0, "percent_covered_display": "0", "missing_lines": 9, "excluded_lines": 0}, "missing_lines": [34, 36, 37, 38, 39, 40, 41, 42, 43], "excluded_lines": []}, "": {"executed_lines": [], "summary": {"covered_lines": 0, "num_statements": 5, "percent_covered": 0.0, "percent_covered_display": "0", "missing_lines": 5, "excluded_lines": 0}, "missing_lines": [5, 6, 8, 11, 27], "excluded_lines": []}}, "classes": {"": {"executed_lines": [], "summary": {"covered_lines": 0, "num_statements": 18, "percent_covered": 0.0, "percent_covered_display": "0", "missing_lines": 18, "excluded_lines": 0}, "missing_lines": [5, 6, 8, 11, 14, 20, 22, 24, 27, 34, 36, 37, 38, 39, 40, 41, 42, 43], "excluded_lines": []}}}, "src/qmllib/representations/fchl/__init__.py": {"executed_lines": [], "summary": {"covered_lines": 0, "num_statements": 3, "percent_covered": 0.0, "percent_covered_display": "0", "missing_lines": 3, "excluded_lines": 0}, "missing_lines": [3, 4, 5], "excluded_lines": [], "functions": {"": {"executed_lines": [], "summary": {"covered_lines": 0, "num_statements": 3, "percent_covered": 0.0, "percent_covered_display": "0", "missing_lines": 3, "excluded_lines": 0}, "missing_lines": [3, 4, 5], "excluded_lines": []}}, "classes": {"": {"executed_lines": [], "summary": {"covered_lines": 0, "num_statements": 3, "percent_covered": 0.0, "percent_covered_display": "0", "missing_lines": 3, "excluded_lines": 0}, "missing_lines": [3, 4, 5], "excluded_lines": []}}}, "src/qmllib/representations/fchl/fchl_electric_field_kernels.py": {"executed_lines": [], "summary": {"covered_lines": 0, "num_statements": 63, "percent_covered": 0.0, "percent_covered_display": "0", "missing_lines": 63, "excluded_lines": 5}, "missing_lines": [1, 3, 5, 6, 12, 80, 81, 83, 85, 88, 89, 91, 92, 94, 95, 97, 98, 100, 101, 103, 104, 105, 106, 108, 109, 110, 111, 113, 117, 119, 121, 151, 220, 221, 223, 225, 228, 229, 231, 232, 234, 235, 237, 238, 240, 241, 243, 244, 245, 246, 248, 249, 250, 251, 253, 257, 259, 260, 262, 263, 264, 266, 297], "excluded_lines": [84, 86, 224, 226, 319], "functions": {"get_atomic_local_electric_field_gradient_kernels": {"executed_lines": [], "summary": {"covered_lines": 0, "num_statements": 26, "percent_covered": 0.0, "percent_covered_display": "0", "missing_lines": 26, "excluded_lines": 2}, "missing_lines": [80, 81, 83, 85, 88, 89, 91, 92, 94, 95, 97, 98, 100, 101, 103, 104, 105, 106, 108, 109, 110, 111, 113, 117, 119, 121], "excluded_lines": [84, 86]}, "get_gaussian_process_electric_field_kernels": {"executed_lines": [], "summary": {"covered_lines": 0, "num_statements": 30, "percent_covered": 0.0, "percent_covered_display": "0", "missing_lines": 30, "excluded_lines": 2}, "missing_lines": [220, 221, 223, 225, 228, 229, 231, 232, 234, 235, 237, 238, 240, 241, 243, 244, 245, 246, 248, 249, 250, 251, 253, 257, 259, 260, 262, 263, 264, 266], "excluded_lines": [224, 226]}, "get_kernels_ef_field": {"executed_lines": [], "summary": {"covered_lines": 0, "num_statements": 0, "percent_covered": 100.0, "percent_covered_display": "100", "missing_lines": 0, "excluded_lines": 1}, "missing_lines": [], "excluded_lines": [319]}, "": {"executed_lines": [], "summary": {"covered_lines": 0, "num_statements": 7, "percent_covered": 0.0, "percent_covered_display": "0", "missing_lines": 7, "excluded_lines": 0}, "missing_lines": [1, 3, 5, 6, 12, 151, 297], "excluded_lines": []}}, "classes": {"": {"executed_lines": [], "summary": {"covered_lines": 0, "num_statements": 63, "percent_covered": 0.0, "percent_covered_display": "0", "missing_lines": 63, "excluded_lines": 5}, "missing_lines": [1, 3, 5, 6, 12, 80, 81, 83, 85, 88, 89, 91, 92, 94, 95, 97, 98, 100, 101, 103, 104, 105, 106, 108, 109, 110, 111, 113, 117, 119, 121, 151, 220, 221, 223, 225, 228, 229, 231, 232, 234, 235, 237, 238, 240, 241, 243, 244, 245, 246, 248, 249, 250, 251, 253, 257, 259, 260, 262, 263, 264, 266, 297], "excluded_lines": [84, 86, 224, 226, 319]}}}, "src/qmllib/representations/fchl/fchl_force_kernels.py": {"executed_lines": [], "summary": {"covered_lines": 0, "num_statements": 206, "percent_covered": 0.0, "percent_covered_display": "0", "missing_lines": 206, "excluded_lines": 7}, "missing_lines": [1, 3, 5, 8, 19, 39, 40, 42, 43, 45, 56, 58, 59, 61, 63, 64, 65, 66, 68, 70, 71, 73, 75, 76, 77, 78, 79, 80, 81, 83, 87, 89, 91, 120, 140, 141, 143, 145, 147, 158, 160, 161, 163, 165, 166, 167, 168, 170, 172, 173, 175, 177, 178, 179, 180, 181, 182, 183, 185, 189, 191, 193, 222, 242, 243, 245, 247, 249, 262, 263, 265, 266, 268, 269, 271, 272, 274, 275, 276, 277, 278, 279, 280, 282, 283, 284, 285, 286, 287, 288, 290, 294, 296, 297, 300, 330, 349, 351, 355, 363, 365, 366, 368, 370, 371, 372, 373, 374, 375, 376, 378, 382, 384, 386, 411, 434, 435, 437, 439, 441, 452, 454, 455, 457, 459, 460, 461, 462, 464, 466, 467, 469, 471, 472, 473, 474, 475, 476, 477, 479, 483, 485, 488, 489, 490, 492, 524, 544, 545, 547, 549, 551, 562, 564, 565, 567, 569, 570, 571, 572, 574, 576, 577, 579, 581, 582, 583, 584, 585, 586, 587, 589, 593, 595, 596, 598, 628, 648, 649, 651, 653, 655, 666, 668, 669, 671, 673, 674, 675, 676, 678, 680, 681, 683, 685, 686, 687, 688, 689, 690, 691, 693, 697, 699, 700, 702], "excluded_lines": [54, 156, 260, 361, 450, 560, 664], "functions": {"get_gaussian_process_kernels": {"executed_lines": [], "summary": {"covered_lines": 0, "num_statements": 28, "percent_covered": 0.0, "percent_covered_display": "0", "missing_lines": 28, "excluded_lines": 1}, "missing_lines": [39, 40, 42, 43, 45, 56, 58, 59, 61, 63, 64, 65, 66, 68, 70, 71, 73, 75, 76, 77, 78, 79, 80, 81, 83, 87, 89, 91], "excluded_lines": [54]}, "get_local_gradient_kernels": {"executed_lines": [], "summary": {"covered_lines": 0, "num_statements": 28, "percent_covered": 0.0, "percent_covered_display": "0", "missing_lines": 28, "excluded_lines": 1}, "missing_lines": [140, 141, 143, 145, 147, 158, 160, 161, 163, 165, 166, 167, 168, 170, 172, 173, 175, 177, 178, 179, 180, 181, 182, 183, 185, 189, 191, 193], "excluded_lines": [156]}, "get_local_hessian_kernels": {"executed_lines": [], "summary": {"covered_lines": 0, "num_statements": 32, "percent_covered": 0.0, "percent_covered_display": "0", "missing_lines": 32, "excluded_lines": 1}, "missing_lines": [242, 243, 245, 247, 249, 262, 263, 265, 266, 268, 269, 271, 272, 274, 275, 276, 277, 278, 279, 280, 282, 283, 284, 285, 286, 287, 288, 290, 294, 296, 297, 300], "excluded_lines": [260]}, "get_local_symmetric_hessian_kernels": {"executed_lines": [], "summary": {"covered_lines": 0, "num_statements": 18, "percent_covered": 0.0, "percent_covered_display": "0", "missing_lines": 18, "excluded_lines": 1}, "missing_lines": [349, 351, 355, 363, 365, 366, 368, 370, 371, 372, 373, 374, 375, 376, 378, 382, 384, 386], "excluded_lines": [361]}, "get_force_alphas": {"executed_lines": [], "summary": {"covered_lines": 0, "num_statements": 31, "percent_covered": 0.0, "percent_covered_display": "0", "missing_lines": 31, "excluded_lines": 1}, "missing_lines": [434, 435, 437, 439, 441, 452, 454, 455, 457, 459, 460, 461, 462, 464, 466, 467, 469, 471, 472, 473, 474, 475, 476, 477, 479, 483, 485, 488, 489, 490, 492], "excluded_lines": [450]}, "get_atomic_local_gradient_kernels": {"executed_lines": [], "summary": {"covered_lines": 0, "num_statements": 29, "percent_covered": 0.0, "percent_covered_display": "0", "missing_lines": 29, "excluded_lines": 1}, "missing_lines": [544, 545, 547, 549, 551, 562, 564, 565, 567, 569, 570, 571, 572, 574, 576, 577, 579, 581, 582, 583, 584, 585, 586, 587, 589, 593, 595, 596, 598], "excluded_lines": [560]}, "get_atomic_local_gradient_5point_kernels": {"executed_lines": [], "summary": {"covered_lines": 0, "num_statements": 29, "percent_covered": 0.0, "percent_covered_display": "0", "missing_lines": 29, "excluded_lines": 1}, "missing_lines": [648, 649, 651, 653, 655, 666, 668, 669, 671, 673, 674, 675, 676, 678, 680, 681, 683, 685, 686, 687, 688, 689, 690, 691, 693, 697, 699, 700, 702], "excluded_lines": [664]}, "": {"executed_lines": [], "summary": {"covered_lines": 0, "num_statements": 11, "percent_covered": 0.0, "percent_covered_display": "0", "missing_lines": 11, "excluded_lines": 0}, "missing_lines": [1, 3, 5, 8, 19, 120, 222, 330, 411, 524, 628], "excluded_lines": []}}, "classes": {"": {"executed_lines": [], "summary": {"covered_lines": 0, "num_statements": 206, "percent_covered": 0.0, "percent_covered_display": "0", "missing_lines": 206, "excluded_lines": 7}, "missing_lines": [1, 3, 5, 8, 19, 39, 40, 42, 43, 45, 56, 58, 59, 61, 63, 64, 65, 66, 68, 70, 71, 73, 75, 76, 77, 78, 79, 80, 81, 83, 87, 89, 91, 120, 140, 141, 143, 145, 147, 158, 160, 161, 163, 165, 166, 167, 168, 170, 172, 173, 175, 177, 178, 179, 180, 181, 182, 183, 185, 189, 191, 193, 222, 242, 243, 245, 247, 249, 262, 263, 265, 266, 268, 269, 271, 272, 274, 275, 276, 277, 278, 279, 280, 282, 283, 284, 285, 286, 287, 288, 290, 294, 296, 297, 300, 330, 349, 351, 355, 363, 365, 366, 368, 370, 371, 372, 373, 374, 375, 376, 378, 382, 384, 386, 411, 434, 435, 437, 439, 441, 452, 454, 455, 457, 459, 460, 461, 462, 464, 466, 467, 469, 471, 472, 473, 474, 475, 476, 477, 479, 483, 485, 488, 489, 490, 492, 524, 544, 545, 547, 549, 551, 562, 564, 565, 567, 569, 570, 571, 572, 574, 576, 577, 579, 581, 582, 583, 584, 585, 586, 587, 589, 593, 595, 596, 598, 628, 648, 649, 651, 653, 655, 666, 668, 669, 671, 673, 674, 675, 676, 678, 680, 681, 683, 685, 686, 687, 688, 689, 690, 691, 693, 697, 699, 700, 702], "excluded_lines": [54, 156, 260, 361, 450, 560, 664]}}}, "src/qmllib/representations/fchl/fchl_kernel_functions.py": {"executed_lines": [], "summary": {"covered_lines": 0, "num_statements": 124, "percent_covered": 0.0, "percent_covered_display": "0", "missing_lines": 124, "excluded_lines": 6}, "missing_lines": [1, 3, 4, 5, 7, 10, 14, 15, 19, 21, 22, 24, 26, 28, 31, 35, 36, 40, 42, 44, 46, 49, 53, 54, 56, 57, 60, 61, 64, 68, 69, 74, 80, 83, 85, 88, 92, 93, 97, 103, 104, 106, 109, 113, 114, 118, 124, 125, 127, 130, 134, 135, 137, 138, 141, 143, 146, 150, 151, 156, 162, 164, 166, 169, 173, 174, 180, 182, 185, 187, 189, 191, 192, 193, 195, 196, 197, 199, 201, 204, 208, 209, 213, 219, 220, 222, 225, 229, 230, 235, 237, 239, 240, 241, 243, 244, 245, 248, 252, 253, 254, 256, 257, 259, 260, 262, 263, 265, 266, 268, 269, 271, 272, 274, 275, 277, 278, 280, 281, 283, 284, 286, 287, 292], "excluded_lines": [58, 81, 139, 163, 183, 290], "functions": {"get_gaussian_parameters": {"executed_lines": [], "summary": {"covered_lines": 0, "num_statements": 8, "percent_covered": 0.0, "percent_covered_display": "0", "missing_lines": 8, "excluded_lines": 0}, "missing_lines": [14, 15, 19, 21, 22, 24, 26, 28], "excluded_lines": []}, "get_linear_parameters": {"executed_lines": [], "summary": {"covered_lines": 0, "num_statements": 6, "percent_covered": 0.0, "percent_covered_display": "0", "missing_lines": 6, "excluded_lines": 0}, "missing_lines": [35, 36, 40, 42, 44, 46], "excluded_lines": []}, "get_polynomial_parameters": {"executed_lines": [], "summary": {"covered_lines": 0, "num_statements": 6, "percent_covered": 0.0, "percent_covered_display": "0", "missing_lines": 6, "excluded_lines": 1}, "missing_lines": [53, 54, 56, 57, 60, 61], "excluded_lines": [58]}, "get_sigmoid_parameters": {"executed_lines": [], "summary": {"covered_lines": 0, "num_statements": 6, "percent_covered": 0.0, "percent_covered_display": "0", "missing_lines": 6, "excluded_lines": 1}, "missing_lines": [68, 69, 74, 80, 83, 85], "excluded_lines": [81]}, "get_multiquadratic_parameters": {"executed_lines": [], "summary": {"covered_lines": 0, "num_statements": 6, "percent_covered": 0.0, "percent_covered_display": "0", "missing_lines": 6, "excluded_lines": 0}, "missing_lines": [92, 93, 97, 103, 104, 106], "excluded_lines": []}, "get_inverse_multiquadratic_parameters": {"executed_lines": [], "summary": {"covered_lines": 0, "num_statements": 6, "percent_covered": 0.0, "percent_covered_display": "0", "missing_lines": 6, "excluded_lines": 0}, "missing_lines": [113, 114, 118, 124, 125, 127], "excluded_lines": []}, "get_bessel_parameters": {"executed_lines": [], "summary": {"covered_lines": 0, "num_statements": 6, "percent_covered": 0.0, "percent_covered_display": "0", "missing_lines": 6, "excluded_lines": 1}, "missing_lines": [134, 135, 137, 138, 141, 143], "excluded_lines": [139]}, "get_l2_parameters": {"executed_lines": [], "summary": {"covered_lines": 0, "num_statements": 6, "percent_covered": 0.0, "percent_covered_display": "0", "missing_lines": 6, "excluded_lines": 1}, "missing_lines": [150, 151, 156, 162, 164, 166], "excluded_lines": [163]}, "get_matern_parameters": {"executed_lines": [], "summary": {"covered_lines": 0, "num_statements": 15, "percent_covered": 0.0, "percent_covered_display": "0", "missing_lines": 15, "excluded_lines": 1}, "missing_lines": [173, 174, 180, 182, 185, 187, 189, 191, 192, 193, 195, 196, 197, 199, 201], "excluded_lines": [183]}, "get_cauchy_parameters": {"executed_lines": [], "summary": {"covered_lines": 0, "num_statements": 6, "percent_covered": 0.0, "percent_covered_display": "0", "missing_lines": 6, "excluded_lines": 0}, "missing_lines": [208, 209, 213, 219, 220, 222], "excluded_lines": []}, "get_polynomial2_parameters": {"executed_lines": [], "summary": {"covered_lines": 0, "num_statements": 10, "percent_covered": 0.0, "percent_covered_display": "0", "missing_lines": 10, "excluded_lines": 0}, "missing_lines": [229, 230, 235, 237, 239, 240, 241, 243, 244, 245], "excluded_lines": []}, "get_kernel_parameters": {"executed_lines": [], "summary": {"covered_lines": 0, "num_statements": 26, "percent_covered": 0.0, "percent_covered_display": "0", "missing_lines": 26, "excluded_lines": 1}, "missing_lines": [252, 253, 254, 256, 257, 259, 260, 262, 263, 265, 266, 268, 269, 271, 272, 274, 275, 277, 278, 280, 281, 283, 284, 286, 287, 292], "excluded_lines": [290]}, "": {"executed_lines": [], "summary": {"covered_lines": 0, "num_statements": 17, "percent_covered": 0.0, "percent_covered_display": "0", "missing_lines": 17, "excluded_lines": 0}, "missing_lines": [1, 3, 4, 5, 7, 10, 31, 49, 64, 88, 109, 130, 146, 169, 204, 225, 248], "excluded_lines": []}}, "classes": {"": {"executed_lines": [], "summary": {"covered_lines": 0, "num_statements": 124, "percent_covered": 0.0, "percent_covered_display": "0", "missing_lines": 124, "excluded_lines": 6}, "missing_lines": [1, 3, 4, 5, 7, 10, 14, 15, 19, 21, 22, 24, 26, 28, 31, 35, 36, 40, 42, 44, 46, 49, 53, 54, 56, 57, 60, 61, 64, 68, 69, 74, 80, 83, 85, 88, 92, 93, 97, 103, 104, 106, 109, 113, 114, 118, 124, 125, 127, 130, 134, 135, 137, 138, 141, 143, 146, 150, 151, 156, 162, 164, 166, 169, 173, 174, 180, 182, 185, 187, 189, 191, 192, 193, 195, 196, 197, 199, 201, 204, 208, 209, 213, 219, 220, 222, 225, 229, 230, 235, 237, 239, 240, 241, 243, 244, 245, 248, 252, 253, 254, 256, 257, 259, 260, 262, 263, 265, 266, 268, 269, 271, 272, 274, 275, 277, 278, 280, 281, 283, 284, 286, 287, 292], "excluded_lines": [58, 81, 139, 163, 183, 290]}}}, "src/qmllib/representations/fchl/fchl_representations.py": {"executed_lines": [], "summary": {"covered_lines": 0, "num_statements": 105, "percent_covered": 0.0, "percent_covered_display": "0", "missing_lines": 105, "excluded_lines": 2}, "missing_lines": [1, 3, 4, 7, 33, 35, 36, 38, 39, 40, 41, 43, 44, 45, 47, 48, 49, 50, 51, 52, 54, 55, 61, 62, 64, 66, 67, 68, 70, 71, 72, 73, 74, 76, 77, 78, 79, 80, 81, 82, 83, 86, 108, 109, 110, 111, 113, 115, 116, 117, 118, 119, 121, 130, 132, 135, 157, 158, 159, 160, 162, 164, 165, 166, 167, 168, 170, 179, 181, 184, 215, 219, 220, 223, 259, 260, 262, 263, 264, 265, 266, 268, 269, 270, 272, 274, 275, 277, 278, 280, 281, 282, 284, 285, 287, 289, 290, 291, 292, 294, 295, 296, 297, 298, 300], "excluded_lines": [221, 257], "functions": {"generate_fchl18": {"executed_lines": [], "summary": {"covered_lines": 0, "num_statements": 37, "percent_covered": 0.0, "percent_covered_display": "0", "missing_lines": 37, "excluded_lines": 0}, "missing_lines": [33, 35, 36, 38, 39, 40, 41, 43, 44, 45, 47, 48, 49, 50, 51, 52, 54, 55, 61, 62, 64, 66, 67, 68, 70, 71, 72, 73, 74, 76, 77, 78, 79, 80, 81, 82, 83], "excluded_lines": []}, "generate_fchl18_displaced": {"executed_lines": [], "summary": {"covered_lines": 0, "num_statements": 13, "percent_covered": 0.0, "percent_covered_display": "0", "missing_lines": 13, "excluded_lines": 0}, "missing_lines": [108, 109, 110, 111, 113, 115, 116, 117, 118, 119, 121, 130, 132], "excluded_lines": []}, "generate_fchl18_displaced_5point": {"executed_lines": [], "summary": {"covered_lines": 0, "num_statements": 13, "percent_covered": 0.0, "percent_covered_display": "0", "missing_lines": 13, "excluded_lines": 0}, "missing_lines": [157, 158, 159, 160, 162, 164, 165, 166, 167, 168, 170, 179, 181], "excluded_lines": []}, "generate_fchl18_electric_field": {"executed_lines": [], "summary": {"covered_lines": 0, "num_statements": 35, "percent_covered": 0.0, "percent_covered_display": "0", "missing_lines": 35, "excluded_lines": 2}, "missing_lines": [215, 219, 220, 223, 259, 260, 262, 263, 264, 265, 266, 268, 269, 270, 272, 274, 275, 277, 278, 280, 281, 282, 284, 285, 287, 289, 290, 291, 292, 294, 295, 296, 297, 298, 300], "excluded_lines": [221, 257]}, "": {"executed_lines": [], "summary": {"covered_lines": 0, "num_statements": 7, "percent_covered": 0.0, "percent_covered_display": "0", "missing_lines": 7, "excluded_lines": 0}, "missing_lines": [1, 3, 4, 7, 86, 135, 184], "excluded_lines": []}}, "classes": {"": {"executed_lines": [], "summary": {"covered_lines": 0, "num_statements": 105, "percent_covered": 0.0, "percent_covered_display": "0", "missing_lines": 105, "excluded_lines": 2}, "missing_lines": [1, 3, 4, 7, 33, 35, 36, 38, 39, 40, 41, 43, 44, 45, 47, 48, 49, 50, 51, 52, 54, 55, 61, 62, 64, 66, 67, 68, 70, 71, 72, 73, 74, 76, 77, 78, 79, 80, 81, 82, 83, 86, 108, 109, 110, 111, 113, 115, 116, 117, 118, 119, 121, 130, 132, 135, 157, 158, 159, 160, 162, 164, 165, 166, 167, 168, 170, 179, 181, 184, 215, 219, 220, 223, 259, 260, 262, 263, 264, 265, 266, 268, 269, 270, 272, 274, 275, 277, 278, 280, 281, 282, 284, 285, 287, 289, 290, 291, 292, 294, 295, 296, 297, 298, 300], "excluded_lines": [221, 257]}}}, "src/qmllib/representations/fchl/fchl_scalar_kernels.py": {"executed_lines": [], "summary": {"covered_lines": 0, "num_statements": 134, "percent_covered": 0.0, "percent_covered_display": "0", "missing_lines": 134, "excluded_lines": 8}, "missing_lines": [1, 2, 4, 6, 7, 18, 84, 85, 87, 89, 92, 93, 95, 96, 98, 99, 101, 102, 104, 105, 107, 108, 109, 110, 112, 113, 114, 115, 117, 121, 123, 150, 213, 216, 217, 219, 220, 222, 224, 225, 226, 227, 229, 232, 234, 257, 320, 323, 324, 326, 327, 329, 331, 332, 333, 334, 336, 339, 341, 364, 430, 431, 433, 435, 438, 439, 441, 442, 444, 445, 447, 448, 450, 451, 453, 454, 455, 456, 458, 459, 460, 461, 463, 466, 468, 495, 563, 566, 567, 569, 570, 572, 573, 575, 576, 578, 581, 583, 606, 671, 674, 676, 678, 679, 681, 684, 686, 707, 763, 764, 766, 768, 771, 772, 774, 775, 777, 778, 780, 781, 783, 784, 786, 787, 788, 789, 791, 792, 793, 794, 796, 800, 802, 804], "excluded_lines": [88, 90, 434, 436, 564, 672, 767, 769], "functions": {"get_local_kernels": {"executed_lines": [], "summary": {"covered_lines": 0, "num_statements": 25, "percent_covered": 0.0, "percent_covered_display": "0", "missing_lines": 25, "excluded_lines": 2}, "missing_lines": [84, 85, 87, 89, 92, 93, 95, 96, 98, 99, 101, 102, 104, 105, 107, 108, 109, 110, 112, 113, 114, 115, 117, 121, 123], "excluded_lines": [88, 90]}, "get_local_symmetric_kernels": {"executed_lines": [], "summary": {"covered_lines": 0, "num_statements": 13, "percent_covered": 0.0, "percent_covered_display": "0", "missing_lines": 13, "excluded_lines": 0}, "missing_lines": [213, 216, 217, 219, 220, 222, 224, 225, 226, 227, 229, 232, 234], "excluded_lines": []}, "get_global_symmetric_kernels": {"executed_lines": [], "summary": {"covered_lines": 0, "num_statements": 13, "percent_covered": 0.0, "percent_covered_display": "0", "missing_lines": 13, "excluded_lines": 0}, "missing_lines": [320, 323, 324, 326, 327, 329, 331, 332, 333, 334, 336, 339, 341], "excluded_lines": []}, "get_global_kernels": {"executed_lines": [], "summary": {"covered_lines": 0, "num_statements": 25, "percent_covered": 0.0, "percent_covered_display": "0", "missing_lines": 25, "excluded_lines": 2}, "missing_lines": [430, 431, 433, 435, 438, 439, 441, 442, 444, 445, 447, 448, 450, 451, 453, 454, 455, 456, 458, 459, 460, 461, 463, 466, 468], "excluded_lines": [434, 436]}, "get_atomic_kernels": {"executed_lines": [], "summary": {"covered_lines": 0, "num_statements": 12, "percent_covered": 0.0, "percent_covered_display": "0", "missing_lines": 12, "excluded_lines": 1}, "missing_lines": [563, 566, 567, 569, 570, 572, 573, 575, 576, 578, 581, 583], "excluded_lines": [564]}, "get_atomic_symmetric_kernels": {"executed_lines": [], "summary": {"covered_lines": 0, "num_statements": 8, "percent_covered": 0.0, "percent_covered_display": "0", "missing_lines": 8, "excluded_lines": 1}, "missing_lines": [671, 674, 676, 678, 679, 681, 684, 686], "excluded_lines": [672]}, "get_atomic_local_kernels": {"executed_lines": [], "summary": {"covered_lines": 0, "num_statements": 26, "percent_covered": 0.0, "percent_covered_display": "0", "missing_lines": 26, "excluded_lines": 2}, "missing_lines": [763, 764, 766, 768, 771, 772, 774, 775, 777, 778, 780, 781, 783, 784, 786, 787, 788, 789, 791, 792, 793, 794, 796, 800, 802, 804], "excluded_lines": [767, 769]}, "": {"executed_lines": [], "summary": {"covered_lines": 0, "num_statements": 12, "percent_covered": 0.0, "percent_covered_display": "0", "missing_lines": 12, "excluded_lines": 0}, "missing_lines": [1, 2, 4, 6, 7, 18, 150, 257, 364, 495, 606, 707], "excluded_lines": []}}, "classes": {"": {"executed_lines": [], "summary": {"covered_lines": 0, "num_statements": 134, "percent_covered": 0.0, "percent_covered_display": "0", "missing_lines": 134, "excluded_lines": 8}, "missing_lines": [1, 2, 4, 6, 7, 18, 84, 85, 87, 89, 92, 93, 95, 96, 98, 99, 101, 102, 104, 105, 107, 108, 109, 110, 112, 113, 114, 115, 117, 121, 123, 150, 213, 216, 217, 219, 220, 222, 224, 225, 226, 227, 229, 232, 234, 257, 320, 323, 324, 326, 327, 329, 331, 332, 333, 334, 336, 339, 341, 364, 430, 431, 433, 435, 438, 439, 441, 442, 444, 445, 447, 448, 450, 451, 453, 454, 455, 456, 458, 459, 460, 461, 463, 466, 468, 495, 563, 566, 567, 569, 570, 572, 573, 575, 576, 578, 581, 583, 606, 671, 674, 676, 678, 679, 681, 684, 686, 707, 763, 764, 766, 768, 771, 772, 774, 775, 777, 778, 780, 781, 783, 784, 786, 787, 788, 789, 791, 792, 793, 794, 796, 800, 802, 804], "excluded_lines": [88, 90, 434, 436, 564, 672, 767, 769]}}}, "src/qmllib/representations/representations.py": {"executed_lines": [], "summary": {"covered_lines": 0, "num_statements": 251, "percent_covered": 0.0, "percent_covered_display": "0", "missing_lines": 251, "excluded_lines": 13}, "missing_lines": [1, 3, 4, 6, 12, 20, 22, 25, 33, 36, 37, 38, 40, 41, 42, 43, 44, 46, 47, 49, 50, 53, 98, 99, 101, 102, 108, 197, 198, 199, 200, 201, 202, 203, 204, 205, 210, 211, 213, 214, 227, 228, 245, 274, 277, 319, 320, 321, 322, 323, 324, 325, 326, 327, 328, 329, 330, 331, 333, 336, 349, 351, 352, 353, 354, 355, 356, 357, 358, 359, 360, 362, 363, 364, 365, 366, 368, 369, 370, 373, 374, 375, 376, 377, 379, 386, 388, 389, 390, 391, 392, 393, 394, 395, 396, 397, 398, 400, 403, 448, 449, 450, 451, 452, 454, 455, 457, 466, 467, 468, 469, 471, 473, 474, 475, 476, 477, 478, 479, 480, 482, 483, 484, 492, 493, 494, 495, 496, 497, 498, 502, 503, 504, 505, 516, 517, 518, 519, 520, 521, 522, 523, 524, 528, 529, 531, 542, 543, 544, 545, 546, 547, 548, 549, 553, 554, 556, 557, 558, 559, 561, 565, 566, 567, 568, 569, 570, 571, 572, 573, 574, 575, 576, 577, 578, 582, 583, 584, 585, 594, 595, 596, 597, 598, 599, 600, 601, 605, 606, 608, 610, 611, 612, 613, 614, 615, 616, 617, 621, 622, 624, 627, 678, 679, 680, 681, 682, 683, 684, 686, 688, 689, 705, 706, 707, 709, 712, 715, 731, 732, 733, 735, 736, 738, 740, 743, 800, 801, 802, 803, 805, 806, 807, 809, 812, 814, 815, 834, 835, 836, 838, 841, 844, 847, 866, 867, 868, 870, 871, 873, 875], "excluded_lines": [34, 105, 208, 242, 458, 500, 526, 551, 562, 580, 603, 619, 845], "functions": {"vector_to_matrix": {"executed_lines": [], "summary": {"covered_lines": 0, "num_statements": 13, "percent_covered": 0.0, "percent_covered_display": "0", "missing_lines": 13, "excluded_lines": 1}, "missing_lines": [33, 36, 37, 38, 40, 41, 42, 43, 44, 46, 47, 49, 50], "excluded_lines": [34]}, "generate_coulomb_matrix": {"executed_lines": [], "summary": {"covered_lines": 0, "num_statements": 4, "percent_covered": 0.0, "percent_covered_display": "0", "missing_lines": 4, "excluded_lines": 1}, "missing_lines": [98, 99, 101, 102], "excluded_lines": [105]}, "generate_coulomb_matrix_atomic": {"executed_lines": [], "summary": {"covered_lines": 0, "num_statements": 15, "percent_covered": 0.0, "percent_covered_display": "0", "missing_lines": 15, "excluded_lines": 2}, "missing_lines": [197, 198, 199, 200, 201, 202, 203, 204, 205, 210, 211, 213, 214, 227, 228], "excluded_lines": [208, 242]}, "generate_coulomb_matrix_eigenvalue": {"executed_lines": [], "summary": {"covered_lines": 0, "num_statements": 1, "percent_covered": 0.0, "percent_covered_display": "0", "missing_lines": 1, "excluded_lines": 0}, "missing_lines": [274], "excluded_lines": []}, "generate_bob": {"executed_lines": [], "summary": {"covered_lines": 0, "num_statements": 14, "percent_covered": 0.0, "percent_covered_display": "0", "missing_lines": 14, "excluded_lines": 0}, "missing_lines": [319, 320, 321, 322, 323, 324, 325, 326, 327, 328, 329, 330, 331, 333], "excluded_lines": []}, "get_slatm_mbtypes": {"executed_lines": [], "summary": {"covered_lines": 0, "num_statements": 38, "percent_covered": 0.0, "percent_covered_display": "0", "missing_lines": 38, "excluded_lines": 0}, "missing_lines": [349, 351, 352, 353, 354, 355, 356, 357, 358, 359, 360, 362, 363, 364, 365, 366, 368, 369, 370, 373, 374, 375, 376, 377, 379, 386, 388, 389, 390, 391, 392, 393, 394, 395, 396, 397, 398, 400], "excluded_lines": []}, "generate_slatm": {"executed_lines": [], "summary": {"covered_lines": 0, "num_statements": 102, "percent_covered": 0.0, "percent_covered_display": "0", "missing_lines": 102, "excluded_lines": 8}, "missing_lines": [448, 449, 450, 451, 452, 454, 455, 457, 466, 467, 468, 469, 471, 473, 474, 475, 476, 477, 478, 479, 480, 482, 483, 484, 492, 493, 494, 495, 496, 497, 498, 502, 503, 504, 505, 516, 517, 518, 519, 520, 521, 522, 523, 524, 528, 529, 531, 542, 543, 544, 545, 546, 547, 548, 549, 553, 554, 556, 557, 558, 559, 561, 565, 566, 567, 568, 569, 570, 571, 572, 573, 574, 575, 576, 577, 578, 582, 583, 584, 585, 594, 595, 596, 597, 598, 599, 600, 601, 605, 606, 608, 610, 611, 612, 613, 614, 615, 616, 617, 621, 622, 624], "excluded_lines": [458, 500, 526, 551, 562, 580, 603, 619]}, "generate_acsf": {"executed_lines": [], "summary": {"covered_lines": 0, "num_statements": 23, "percent_covered": 0.0, "percent_covered_display": "0", "missing_lines": 23, "excluded_lines": 0}, "missing_lines": [678, 679, 680, 681, 682, 683, 684, 686, 688, 689, 705, 706, 707, 709, 712, 715, 731, 732, 733, 735, 736, 738, 740], "excluded_lines": []}, "generate_fchl19": {"executed_lines": [], "summary": {"covered_lines": 0, "num_statements": 25, "percent_covered": 0.0, "percent_covered_display": "0", "missing_lines": 25, "excluded_lines": 1}, "missing_lines": [800, 801, 802, 803, 805, 806, 807, 809, 812, 814, 815, 834, 835, 836, 838, 841, 844, 847, 866, 867, 868, 870, 871, 873, 875], "excluded_lines": [845]}, "": {"executed_lines": [], "summary": {"covered_lines": 0, "num_statements": 16, "percent_covered": 0.0, "percent_covered_display": "0", "missing_lines": 16, "excluded_lines": 0}, "missing_lines": [1, 3, 4, 6, 12, 20, 22, 25, 53, 108, 245, 277, 336, 403, 627, 743], "excluded_lines": []}}, "classes": {"": {"executed_lines": [], "summary": {"covered_lines": 0, "num_statements": 251, "percent_covered": 0.0, "percent_covered_display": "0", "missing_lines": 251, "excluded_lines": 13}, "missing_lines": [1, 3, 4, 6, 12, 20, 22, 25, 33, 36, 37, 38, 40, 41, 42, 43, 44, 46, 47, 49, 50, 53, 98, 99, 101, 102, 108, 197, 198, 199, 200, 201, 202, 203, 204, 205, 210, 211, 213, 214, 227, 228, 245, 274, 277, 319, 320, 321, 322, 323, 324, 325, 326, 327, 328, 329, 330, 331, 333, 336, 349, 351, 352, 353, 354, 355, 356, 357, 358, 359, 360, 362, 363, 364, 365, 366, 368, 369, 370, 373, 374, 375, 376, 377, 379, 386, 388, 389, 390, 391, 392, 393, 394, 395, 396, 397, 398, 400, 403, 448, 449, 450, 451, 452, 454, 455, 457, 466, 467, 468, 469, 471, 473, 474, 475, 476, 477, 478, 479, 480, 482, 483, 484, 492, 493, 494, 495, 496, 497, 498, 502, 503, 504, 505, 516, 517, 518, 519, 520, 521, 522, 523, 524, 528, 529, 531, 542, 543, 544, 545, 546, 547, 548, 549, 553, 554, 556, 557, 558, 559, 561, 565, 566, 567, 568, 569, 570, 571, 572, 573, 574, 575, 576, 577, 578, 582, 583, 584, 585, 594, 595, 596, 597, 598, 599, 600, 601, 605, 606, 608, 610, 611, 612, 613, 614, 615, 616, 617, 621, 622, 624, 627, 678, 679, 680, 681, 682, 683, 684, 686, 688, 689, 705, 706, 707, 709, 712, 715, 731, 732, 733, 735, 736, 738, 740, 743, 800, 801, 802, 803, 805, 806, 807, 809, 812, 814, 815, 834, 835, 836, 838, 841, 844, 847, 866, 867, 868, 870, 871, 873, 875], "excluded_lines": [34, 105, 208, 242, 458, 500, 526, 551, 562, 580, 603, 619, 845]}}}, "src/qmllib/representations/slatm.py": {"executed_lines": [], "summary": {"covered_lines": 0, "num_statements": 34, "percent_covered": 0.0, "percent_covered_display": "0", "missing_lines": 34, "excluded_lines": 6}, "missing_lines": [1, 2, 4, 7, 101, 102, 110, 129, 130, 132, 135, 146, 147, 149, 151, 152, 153, 155, 157, 160, 178, 179, 181, 184, 193, 196, 197, 198, 199, 201, 202, 203, 205, 207], "excluded_lines": [13, 133, 136, 138, 182, 185], "functions": {"update_m": {"executed_lines": [], "summary": {"covered_lines": 0, "num_statements": 0, "percent_covered": 100.0, "percent_covered_display": "100", "missing_lines": 0, "excluded_lines": 1}, "missing_lines": [], "excluded_lines": [13]}, "get_boa": {"executed_lines": [], "summary": {"covered_lines": 0, "num_statements": 1, "percent_covered": 0.0, "percent_covered_display": "0", "missing_lines": 1, "excluded_lines": 0}, "missing_lines": [102], "excluded_lines": []}, "get_sbop": {"executed_lines": [], "summary": {"covered_lines": 0, "num_statements": 12, "percent_covered": 0.0, "percent_covered_display": "0", "missing_lines": 12, "excluded_lines": 3}, "missing_lines": [129, 130, 132, 135, 146, 147, 149, 151, 152, 153, 155, 157], "excluded_lines": [133, 136, 138]}, "get_sbot": {"executed_lines": [], "summary": {"covered_lines": 0, "num_statements": 14, "percent_covered": 0.0, "percent_covered_display": "0", "missing_lines": 14, "excluded_lines": 2}, "missing_lines": [178, 179, 181, 184, 193, 196, 197, 198, 199, 201, 202, 203, 205, 207], "excluded_lines": [182, 185]}, "": {"executed_lines": [], "summary": {"covered_lines": 0, "num_statements": 7, "percent_covered": 0.0, "percent_covered_display": "0", "missing_lines": 7, "excluded_lines": 0}, "missing_lines": [1, 2, 4, 7, 101, 110, 160], "excluded_lines": []}}, "classes": {"": {"executed_lines": [], "summary": {"covered_lines": 0, "num_statements": 34, "percent_covered": 0.0, "percent_covered_display": "0", "missing_lines": 34, "excluded_lines": 6}, "missing_lines": [1, 2, 4, 7, 101, 102, 110, 129, 130, 132, 135, 146, 147, 149, 151, 152, 153, 155, 157, 160, 178, 179, 181, 184, 193, 196, 197, 198, 199, 201, 202, 203, 205, 207], "excluded_lines": [13, 133, 136, 138, 182, 185]}}}, "src/qmllib/solvers/__init__.py": {"executed_lines": [], "summary": {"covered_lines": 0, "num_statements": 61, "percent_covered": 0.0, "percent_covered_display": "0", "missing_lines": 61, "excluded_lines": 10}, "missing_lines": [1, 2, 5, 17, 28, 31, 34, 36, 39, 60, 63, 66, 69, 71, 72, 74, 75, 78, 80, 82, 83, 85, 88, 99, 102, 105, 107, 110, 126, 129, 132, 135, 137, 138, 141, 144, 145, 147, 150, 169, 172, 173, 175, 176, 177, 179, 182, 199, 202, 203, 204, 206, 209, 217, 220, 221, 224, 226, 228, 229, 231], "excluded_lines": [29, 61, 64, 100, 127, 130, 170, 200, 218, 222], "functions": {"cho_invert": {"executed_lines": [], "summary": {"covered_lines": 0, "num_statements": 4, "percent_covered": 0.0, "percent_covered_display": "0", "missing_lines": 4, "excluded_lines": 1}, "missing_lines": [28, 31, 34, 36], "excluded_lines": [29]}, "cho_solve": {"executed_lines": [], "summary": {"covered_lines": 0, "num_statements": 13, "percent_covered": 0.0, "percent_covered_display": "0", "missing_lines": 13, "excluded_lines": 2}, "missing_lines": [60, 63, 66, 69, 71, 72, 74, 75, 78, 80, 82, 83, 85], "excluded_lines": [61, 64]}, "bkf_invert": {"executed_lines": [], "summary": {"covered_lines": 0, "num_statements": 4, "percent_covered": 0.0, "percent_covered_display": "0", "missing_lines": 4, "excluded_lines": 1}, "missing_lines": [99, 102, 105, 107], "excluded_lines": [100]}, "bkf_solve": {"executed_lines": [], "summary": {"covered_lines": 0, "num_statements": 10, "percent_covered": 0.0, "percent_covered_display": "0", "missing_lines": 10, "excluded_lines": 2}, "missing_lines": [126, 129, 132, 135, 137, 138, 141, 144, 145, 147], "excluded_lines": [127, 130]}, "svd_solve": {"executed_lines": [], "summary": {"covered_lines": 0, "num_statements": 7, "percent_covered": 0.0, "percent_covered_display": "0", "missing_lines": 7, "excluded_lines": 1}, "missing_lines": [169, 172, 173, 175, 176, 177, 179], "excluded_lines": [170]}, "qrlq_solve": {"executed_lines": [], "summary": {"covered_lines": 0, "num_statements": 5, "percent_covered": 0.0, "percent_covered_display": "0", "missing_lines": 5, "excluded_lines": 1}, "missing_lines": [199, 202, 203, 204, 206], "excluded_lines": [200]}, "condition_number": {"executed_lines": [], "summary": {"covered_lines": 0, "num_statements": 8, "percent_covered": 0.0, "percent_covered_display": "0", "missing_lines": 8, "excluded_lines": 2}, "missing_lines": [217, 220, 221, 224, 226, 228, 229, 231], "excluded_lines": [218, 222]}, "": {"executed_lines": [], "summary": {"covered_lines": 0, "num_statements": 10, "percent_covered": 0.0, "percent_covered_display": "0", "missing_lines": 10, "excluded_lines": 0}, "missing_lines": [1, 2, 5, 17, 39, 88, 110, 150, 182, 209], "excluded_lines": []}}, "classes": {"": {"executed_lines": [], "summary": {"covered_lines": 0, "num_statements": 61, "percent_covered": 0.0, "percent_covered_display": "0", "missing_lines": 61, "excluded_lines": 10}, "missing_lines": [1, 2, 5, 17, 28, 31, 34, 36, 39, 60, 63, 66, 69, 71, 72, 74, 75, 78, 80, 82, 83, 85, 88, 99, 102, 105, 107, 110, 126, 129, 132, 135, 137, 138, 141, 144, 145, 147, 150, 169, 172, 173, 175, 176, 177, 179, 182, 199, 202, 203, 204, 206, 209, 217, 220, 221, 224, 226, 228, 229, 231], "excluded_lines": [29, 61, 64, 100, 127, 130, 170, 200, 218, 222]}}}, "src/qmllib/utils/__init__.py": {"executed_lines": [], "summary": {"covered_lines": 0, "num_statements": 2, "percent_covered": 0.0, "percent_covered_display": "0", "missing_lines": 2, "excluded_lines": 0}, "missing_lines": [1, 3], "excluded_lines": [], "functions": {"": {"executed_lines": [], "summary": {"covered_lines": 0, "num_statements": 2, "percent_covered": 0.0, "percent_covered_display": "0", "missing_lines": 2, "excluded_lines": 0}, "missing_lines": [1, 3], "excluded_lines": []}}, "classes": {"": {"executed_lines": [], "summary": {"covered_lines": 0, "num_statements": 2, "percent_covered": 0.0, "percent_covered_display": "0", "missing_lines": 2, "excluded_lines": 0}, "missing_lines": [1, 3], "excluded_lines": []}}}, "src/qmllib/utils/alchemy.py": {"executed_lines": [], "summary": {"covered_lines": 0, "num_statements": 69, "percent_covered": 0.0, "percent_covered_display": "0", "missing_lines": 69, "excluded_lines": 3}, "missing_lines": [1, 2, 4, 5, 8, 129, 258, 270, 271, 272, 273, 274, 276, 277, 278, 280, 282, 283, 284, 286, 288, 289, 292, 294, 296, 297, 298, 300, 305, 313, 314, 316, 317, 319, 320, 322, 323, 325, 333, 340, 342, 343, 344, 346, 349, 358, 359, 360, 361, 365, 368, 376, 378, 379, 380, 382, 385, 392, 393, 395, 397, 398, 400, 402, 405, 407, 408, 409, 411], "excluded_lines": [302, 399, 403], "functions": {"get_alchemy": {"executed_lines": [], "summary": {"covered_lines": 0, "num_statements": 21, "percent_covered": 0.0, "percent_covered_display": "0", "missing_lines": 21, "excluded_lines": 1}, "missing_lines": [270, 271, 272, 273, 274, 276, 277, 278, 280, 282, 283, 284, 286, 288, 289, 292, 294, 296, 297, 298, 300], "excluded_lines": [302]}, "QNum_distance": {"executed_lines": [], "summary": {"covered_lines": 0, "num_statements": 9, "percent_covered": 0.0, "percent_covered_display": "0", "missing_lines": 9, "excluded_lines": 0}, "missing_lines": [313, 314, 316, 317, 319, 320, 322, 323, 325], "excluded_lines": []}, "gen_QNum_distances": {"executed_lines": [], "summary": {"covered_lines": 0, "num_statements": 5, "percent_covered": 0.0, "percent_covered_display": "0", "missing_lines": 5, "excluded_lines": 0}, "missing_lines": [340, 342, 343, 344, 346], "excluded_lines": []}, "periodic_distance": {"executed_lines": [], "summary": {"covered_lines": 0, "num_statements": 5, "percent_covered": 0.0, "percent_covered_display": "0", "missing_lines": 5, "excluded_lines": 0}, "missing_lines": [358, 359, 360, 361, 365], "excluded_lines": []}, "gen_pd": {"executed_lines": [], "summary": {"covered_lines": 0, "num_statements": 5, "percent_covered": 0.0, "percent_covered_display": "0", "missing_lines": 5, "excluded_lines": 0}, "missing_lines": [376, 378, 379, 380, 382], "excluded_lines": []}, "gen_custom": {"executed_lines": [], "summary": {"covered_lines": 0, "num_statements": 11, "percent_covered": 0.0, "percent_covered_display": "0", "missing_lines": 11, "excluded_lines": 2}, "missing_lines": [392, 395, 397, 398, 400, 402, 405, 407, 408, 409, 411], "excluded_lines": [399, 403]}, "gen_custom.check_if_unique": {"executed_lines": [], "summary": {"covered_lines": 0, "num_statements": 1, "percent_covered": 0.0, "percent_covered_display": "0", "missing_lines": 1, "excluded_lines": 0}, "missing_lines": [393], "excluded_lines": []}, "": {"executed_lines": [], "summary": {"covered_lines": 0, "num_statements": 12, "percent_covered": 0.0, "percent_covered_display": "0", "missing_lines": 12, "excluded_lines": 0}, "missing_lines": [1, 2, 4, 5, 8, 129, 258, 305, 333, 349, 368, 385], "excluded_lines": []}}, "classes": {"": {"executed_lines": [], "summary": {"covered_lines": 0, "num_statements": 69, "percent_covered": 0.0, "percent_covered_display": "0", "missing_lines": 69, "excluded_lines": 3}, "missing_lines": [1, 2, 4, 5, 8, 129, 258, 270, 271, 272, 273, 274, 276, 277, 278, 280, 282, 283, 284, 286, 288, 289, 292, 294, 296, 297, 298, 300, 305, 313, 314, 316, 317, 319, 320, 322, 323, 325, 333, 340, 342, 343, 344, 346, 349, 358, 359, 360, 361, 365, 368, 376, 378, 379, 380, 382, 385, 392, 393, 395, 397, 398, 400, 402, 405, 407, 408, 409, 411], "excluded_lines": [302, 399, 403]}}}, "src/qmllib/utils/environment_manipulation.py": {"executed_lines": [], "summary": {"covered_lines": 0, "num_statements": 24, "percent_covered": 0.0, "percent_covered_display": "0", "missing_lines": 24, "excluded_lines": 1}, "missing_lines": [1, 2, 5, 7, 8, 9, 10, 11, 14, 16, 17, 18, 19, 21, 22, 25, 27, 28, 29, 30, 32, 33, 36, 37], "excluded_lines": [40], "functions": {"mkl_set_num_threads": {"executed_lines": [], "summary": {"covered_lines": 0, "num_statements": 5, "percent_covered": 0.0, "percent_covered_display": "0", "missing_lines": 5, "excluded_lines": 0}, "missing_lines": [7, 8, 9, 10, 11], "excluded_lines": []}, "mkl_get_num_threads": {"executed_lines": [], "summary": {"covered_lines": 0, "num_statements": 6, "percent_covered": 0.0, "percent_covered_display": "0", "missing_lines": 6, "excluded_lines": 0}, "missing_lines": [16, 17, 18, 19, 21, 22], "excluded_lines": []}, "mkl_reset_num_threads": {"executed_lines": [], "summary": {"covered_lines": 0, "num_statements": 6, "percent_covered": 0.0, "percent_covered_display": "0", "missing_lines": 6, "excluded_lines": 0}, "missing_lines": [27, 28, 29, 30, 32, 33], "excluded_lines": []}, "modified_environ": {"executed_lines": [], "summary": {"covered_lines": 0, "num_statements": 0, "percent_covered": 100.0, "percent_covered_display": "100", "missing_lines": 0, "excluded_lines": 1}, "missing_lines": [], "excluded_lines": [40]}, "": {"executed_lines": [], "summary": {"covered_lines": 0, "num_statements": 7, "percent_covered": 0.0, "percent_covered_display": "0", "missing_lines": 7, "excluded_lines": 0}, "missing_lines": [1, 2, 5, 14, 25, 36, 37], "excluded_lines": []}}, "classes": {"": {"executed_lines": [], "summary": {"covered_lines": 0, "num_statements": 24, "percent_covered": 0.0, "percent_covered_display": "0", "missing_lines": 24, "excluded_lines": 1}, "missing_lines": [1, 2, 5, 7, 8, 9, 10, 11, 14, 16, 17, 18, 19, 21, 22, 25, 27, 28, 29, 30, 32, 33, 36, 37], "excluded_lines": [40]}}}, "src/qmllib/utils/xyz_format.py": {"executed_lines": [], "summary": {"covered_lines": 0, "num_statements": 19, "percent_covered": 0.0, "percent_covered_display": "0", "missing_lines": 19, "excluded_lines": 0}, "missing_lines": [1, 3, 4, 6, 9, 22, 23, 25, 26, 27, 28, 33, 34, 36, 37, 39, 40, 42, 44], "excluded_lines": [], "functions": {"read_xyz": {"executed_lines": [], "summary": {"covered_lines": 0, "num_statements": 14, "percent_covered": 0.0, "percent_covered_display": "0", "missing_lines": 14, "excluded_lines": 0}, "missing_lines": [22, 23, 25, 26, 27, 28, 33, 34, 36, 37, 39, 40, 42, 44], "excluded_lines": []}, "": {"executed_lines": [], "summary": {"covered_lines": 0, "num_statements": 5, "percent_covered": 0.0, "percent_covered_display": "0", "missing_lines": 5, "excluded_lines": 0}, "missing_lines": [1, 3, 4, 6, 9], "excluded_lines": []}}, "classes": {"": {"executed_lines": [], "summary": {"covered_lines": 0, "num_statements": 19, "percent_covered": 0.0, "percent_covered_display": "0", "missing_lines": 19, "excluded_lines": 0}, "missing_lines": [1, 3, 4, 6, 9, 22, 23, 25, 26, 27, 28, 33, 34, 36, 37, 39, 40, 42, 44], "excluded_lines": []}}}, "src/qmllib/version.py": {"executed_lines": [], "summary": {"covered_lines": 0, "num_statements": 1, "percent_covered": 0.0, "percent_covered_display": "0", "missing_lines": 1, "excluded_lines": 0}, "missing_lines": [1], "excluded_lines": [], "functions": {"": {"executed_lines": [], "summary": {"covered_lines": 0, "num_statements": 1, "percent_covered": 0.0, "percent_covered_display": "0", "missing_lines": 1, "excluded_lines": 0}, "missing_lines": [1], "excluded_lines": []}}, "classes": {"": {"executed_lines": [], "summary": {"covered_lines": 0, "num_statements": 1, "percent_covered": 0.0, "percent_covered_display": "0", "missing_lines": 1, "excluded_lines": 0}, "missing_lines": [1], "excluded_lines": []}}}}, "totals": {"covered_lines": 0, "num_statements": 1382, "percent_covered": 0.0, "percent_covered_display": "0", "missing_lines": 1382, "excluded_lines": 99}}